<?xml version="1.0" encoding="UTF-8"?>
<!-- Generated by org.testng.reporters.JUnitReportReporter -->
<testsuite skipped="0" hostname="Joses-MacBook-Pro.local" name="testcases.LoginTest" tests="1" failures="0" timestamp="2021-06-18T04:10:17 EDT" time="6.289" errors="0">
  <testcase name="adminLogin" time="6.289" classname="testcases.LoginTest"/>
  <system-out/>
</testsuite> <!-- testcases.LoginTest -->
